<?xml version="1.0" encoding="UTF-8"?>
<coverage generated="1740068643436" clover="3.2.0">
  <project timestamp="1740068643437" name="All files">
    <metrics statements="52" coveredstatements="24" conditionals="18" coveredconditionals="12" methods="11" coveredmethods="7" elements="81" coveredelements="43" complexity="0" loc="52" ncloc="52" packages="1" files="2" classes="2"/>
    <file name="script.js" path="/home/gabriel/Desktop/Spell Checker/Project-Spell-Checker/script.js">
      <metrics statements="50" coveredstatements="22" conditionals="18" coveredconditionals="12" methods="10" coveredmethods="6"/>
      <line num="3" count="1" type="stmt"/>
      <line num="4" count="1" type="stmt"/>
      <line num="6" count="1" type="stmt"/>
      <line num="7" count="1" type="cond" truecount="2" falsecount="0"/>
      <line num="8" count="1" type="stmt"/>
      <line num="11" count="1" type="stmt"/>
      <line num="12" count="11" type="stmt"/>
      <line num="13" count="11" type="stmt"/>
      <line num="15" count="11" type="stmt"/>
      <line num="16" count="26" type="cond" truecount="2" falsecount="0"/>
      <line num="18" count="56" type="stmt"/>
      <line num="20" count="22" type="cond" truecount="2" falsecount="0"/>
      <line num="22" count="20" type="cond" truecount="2" falsecount="0"/>
      <line num="23" count="4" type="stmt"/>
      <line num="24" count="4" type="cond" truecount="1" falsecount="1"/>
      <line num="27" count="16" type="cond" truecount="2" falsecount="0"/>
      <line num="28" count="26" type="stmt"/>
      <line num="31" count="1" type="stmt"/>
      <line num="32" count="0" type="stmt"/>
      <line num="34" count="0" type="stmt"/>
      <line num="36" count="0" type="cond" truecount="0" falsecount="2"/>
      <line num="37" count="0" type="stmt"/>
      <line num="38" count="0" type="stmt"/>
      <line num="39" count="0" type="stmt"/>
      <line num="40" count="0" type="stmt"/>
      <line num="41" count="0" type="cond" truecount="0" falsecount="2"/>
      <line num="42" count="0" type="stmt"/>
      <line num="43" count="0" type="stmt"/>
      <line num="44" count="0" type="stmt"/>
      <line num="45" count="0" type="stmt"/>
      <line num="46" count="0" type="stmt"/>
      <line num="47" count="0" type="stmt"/>
      <line num="48" count="0" type="stmt"/>
      <line num="50" count="0" type="stmt"/>
      <line num="52" count="0" type="stmt"/>
      <line num="53" count="0" type="stmt"/>
      <line num="54" count="0" type="stmt"/>
      <line num="56" count="0" type="stmt"/>
      <line num="61" count="0" type="stmt"/>
      <line num="62" count="0" type="stmt"/>
      <line num="63" count="0" type="stmt"/>
      <line num="64" count="0" type="stmt"/>
      <line num="65" count="0" type="stmt"/>
      <line num="67" count="0" type="stmt"/>
      <line num="72" count="1" type="stmt"/>
      <line num="73" count="1" type="stmt"/>
      <line num="75" count="1" type="cond" truecount="1" falsecount="1"/>
      <line num="76" count="0" type="stmt"/>
      <line num="77" count="0" type="stmt"/>
      <line num="83" count="1" type="stmt"/>
    </file>
    <file name="sum.js" path="/home/gabriel/Desktop/Spell Checker/Project-Spell-Checker/sum.js">
      <metrics statements="2" coveredstatements="2" conditionals="0" coveredconditionals="0" methods="1" coveredmethods="1"/>
      <line num="2" count="1" type="stmt"/>
      <line num="5" count="1" type="stmt"/>
    </file>
  </project>
</coverage>
