{"/home/gabriel/Desktop/Spell Checker/Project-Spell-Checker/script.js": {"path":"/home/gabriel/Desktop/Spell Checker/Project-Spell-Checker/script.js","statementMap":{"0":{"start":{"line":3,"column":17},"end":{"line":3,"column":54}},"1":{"start":{"line":4,"column":26},"end":{"line":4,"column":63}},"2":{"start":{"line":6,"column":20},"end":{"line":6,"column":66}},"3":{"start":{"line":7,"column":21},"end":{"line":7,"column":38}},"4":{"start":{"line":8,"column":19},"end":{"line":8,"column":55}},"5":{"start":{"line":11,"column":22},"end":{"line":29,"column":1}},"6":{"start":{"line":12,"column":27},"end":{"line":12,"column":77}},"7":{"start":{"line":13,"column":28},"end":{"line":13,"column":55}},"8":{"start":{"line":15,"column":4},"end":{"line":28,"column":28}},"9":{"start":{"line":16,"column":8},"end":{"line":16,"column":31}},"10":{"start":{"line":16,"column":19},"end":{"line":16,"column":31}},"11":{"start":{"line":18,"column":29},"end":{"line":18,"column":87}},"12":{"start":{"line":18,"column":62},"end":{"line":18,"column":86}},"13":{"start":{"line":20,"column":8},"end":{"line":20,"column":59}},"14":{"start":{"line":20,"column":47},"end":{"line":20,"column":59}},"15":{"start":{"line":22,"column":8},"end":{"line":25,"column":9}},"16":{"start":{"line":23,"column":26},"end":{"line":23,"column":41}},"17":{"start":{"line":24,"column":12},"end":{"line":24,"column":89}},"18":{"start":{"line":24,"column":38},"end":{"line":24,"column":73}},"19":{"start":{"line":27,"column":8},"end":{"line":27,"column":64}},"20":{"start":{"line":28,"column":22},"end":{"line":28,"column":26}},"21":{"start":{"line":31,"column":24},"end":{"line":70,"column":1}},"22":{"start":{"line":32,"column":22},"end":{"line":32,"column":36}},"23":{"start":{"line":34,"column":21},"end":{"line":34,"column":45}},"24":{"start":{"line":36,"column":4},"end":{"line":68,"column":5}},"25":{"start":{"line":37,"column":8},"end":{"line":37,"column":41}},"26":{"start":{"line":38,"column":18},"end":{"line":38,"column":45}},"27":{"start":{"line":39,"column":23},"end":{"line":39,"column":55}},"28":{"start":{"line":40,"column":21},"end":{"line":40,"column":51}},"29":{"start":{"line":41,"column":8},"end":{"line":41,"column":76}},"30":{"start":{"line":42,"column":8},"end":{"line":42,"column":38}},"31":{"start":{"line":43,"column":8},"end":{"line":43,"column":45}},"32":{"start":{"line":44,"column":8},"end":{"line":44,"column":40}},"33":{"start":{"line":45,"column":8},"end":{"line":45,"column":28}},"34":{"start":{"line":46,"column":8},"end":{"line":46,"column":97}},"35":{"start":{"line":47,"column":8},"end":{"line":47,"column":41}},"36":{"start":{"line":48,"column":8},"end":{"line":48,"column":46}},"37":{"start":{"line":50,"column":8},"end":{"line":57,"column":11}},"38":{"start":{"line":52,"column":12},"end":{"line":55,"column":15}},"39":{"start":{"line":53,"column":16},"end":{"line":53,"column":51}},"40":{"start":{"line":54,"column":16},"end":{"line":54,"column":84}},"41":{"start":{"line":56,"column":12},"end":{"line":56,"column":45}},"42":{"start":{"line":61,"column":8},"end":{"line":61,"column":41}},"43":{"start":{"line":62,"column":31},"end":{"line":62,"column":58}},"44":{"start":{"line":63,"column":8},"end":{"line":63,"column":67}},"45":{"start":{"line":64,"column":8},"end":{"line":64,"column":48}},"46":{"start":{"line":65,"column":8},"end":{"line":65,"column":54}},"47":{"start":{"line":67,"column":8},"end":{"line":67,"column":36}},"48":{"start":{"line":72,"column":24},"end":{"line":80,"column":1}},"49":{"start":{"line":73,"column":21},"end":{"line":73,"column":57}},"50":{"start":{"line":75,"column":4},"end":{"line":79,"column":5}},"51":{"start":{"line":76,"column":8},"end":{"line":78,"column":11}},"52":{"start":{"line":77,"column":12},"end":{"line":77,"column":30}},"53":{"start":{"line":83,"column":0},"end":{"line":83,"column":11}}},"fnMap":{"0":{"name":"(anonymous_0)","decl":{"start":{"line":11,"column":22},"end":{"line":11,"column":23}},"loc":{"start":{"line":11,"column":37},"end":{"line":29,"column":1}},"line":11},"1":{"name":"(anonymous_1)","decl":{"start":{"line":15,"column":31},"end":{"line":15,"column":32}},"loc":{"start":{"line":15,"column":39},"end":{"line":28,"column":5}},"line":15},"2":{"name":"(anonymous_2)","decl":{"start":{"line":18,"column":57},"end":{"line":18,"column":58}},"loc":{"start":{"line":18,"column":62},"end":{"line":18,"column":86}},"line":18},"3":{"name":"(anonymous_3)","decl":{"start":{"line":24,"column":30},"end":{"line":24,"column":31}},"loc":{"start":{"line":24,"column":38},"end":{"line":24,"column":73}},"line":24},"4":{"name":"(anonymous_4)","decl":{"start":{"line":28,"column":14},"end":{"line":28,"column":15}},"loc":{"start":{"line":28,"column":22},"end":{"line":28,"column":26}},"line":28},"5":{"name":"(anonymous_5)","decl":{"start":{"line":31,"column":24},"end":{"line":31,"column":25}},"loc":{"start":{"line":31,"column":30},"end":{"line":70,"column":1}},"line":31},"6":{"name":"(anonymous_6)","decl":{"start":{"line":50,"column":41},"end":{"line":50,"column":42}},"loc":{"start":{"line":50,"column":46},"end":{"line":57,"column":9}},"line":50},"7":{"name":"(anonymous_7)","decl":{"start":{"line":52,"column":29},"end":{"line":52,"column":30}},"loc":{"start":{"line":52,"column":37},"end":{"line":55,"column":13}},"line":52},"8":{"name":"(anonymous_8)","decl":{"start":{"line":72,"column":24},"end":{"line":72,"column":25}},"loc":{"start":{"line":72,"column":30},"end":{"line":80,"column":1}},"line":72},"9":{"name":"(anonymous_9)","decl":{"start":{"line":76,"column":43},"end":{"line":76,"column":44}},"loc":{"start":{"line":76,"column":49},"end":{"line":78,"column":9}},"line":76}},"branchMap":{"0":{"loc":{"start":{"line":7,"column":21},"end":{"line":7,"column":38}},"type":"binary-expr","locations":[{"start":{"line":7,"column":21},"end":{"line":7,"column":32}},{"start":{"line":7,"column":36},"end":{"line":7,"column":38}}],"line":7},"1":{"loc":{"start":{"line":16,"column":8},"end":{"line":16,"column":31}},"type":"if","locations":[{"start":{"line":16,"column":8},"end":{"line":16,"column":31}},{"start":{},"end":{}}],"line":16},"2":{"loc":{"start":{"line":20,"column":8},"end":{"line":20,"column":59}},"type":"if","locations":[{"start":{"line":20,"column":8},"end":{"line":20,"column":59}},{"start":{},"end":{}}],"line":20},"3":{"loc":{"start":{"line":22,"column":8},"end":{"line":25,"column":9}},"type":"if","locations":[{"start":{"line":22,"column":8},"end":{"line":25,"column":9}},{"start":{},"end":{}}],"line":22},"4":{"loc":{"start":{"line":24,"column":19},"end":{"line":24,"column":88}},"type":"cond-expr","locations":[{"start":{"line":24,"column":77},"end":{"line":24,"column":81}},{"start":{"line":24,"column":84},"end":{"line":24,"column":88}}],"line":24},"5":{"loc":{"start":{"line":27,"column":15},"end":{"line":27,"column":63}},"type":"cond-expr","locations":[{"start":{"line":27,"column":52},"end":{"line":27,"column":56}},{"start":{"line":27,"column":59},"end":{"line":27,"column":63}}],"line":27},"6":{"loc":{"start":{"line":36,"column":4},"end":{"line":68,"column":5}},"type":"if","locations":[{"start":{"line":36,"column":4},"end":{"line":68,"column":5}},{"start":{"line":60,"column":9},"end":{"line":68,"column":5}}],"line":36},"7":{"loc":{"start":{"line":41,"column":27},"end":{"line":41,"column":75}},"type":"cond-expr","locations":[{"start":{"line":41,"column":51},"end":{"line":41,"column":61}},{"start":{"line":41,"column":64},"end":{"line":41,"column":75}}],"line":41},"8":{"loc":{"start":{"line":75,"column":4},"end":{"line":79,"column":5}},"type":"if","locations":[{"start":{"line":75,"column":4},"end":{"line":79,"column":5}},{"start":{},"end":{}}],"line":75}},"s":{"0":1,"1":1,"2":1,"3":1,"4":1,"5":1,"6":11,"7":11,"8":11,"9":26,"10":4,"11":22,"12":56,"13":22,"14":2,"15":20,"16":4,"17":4,"18":4,"19":16,"20":26,"21":1,"22":0,"23":0,"24":0,"25":0,"26":0,"27":0,"28":0,"29":0,"30":0,"31":0,"32":0,"33":0,"34":0,"35":0,"36":0,"37":0,"38":0,"39":0,"40":0,"41":0,"42":0,"43":0,"44":0,"45":0,"46":0,"47":0,"48":1,"49":1,"50":1,"51":0,"52":0,"53":1},"f":{"0":11,"1":26,"2":56,"3":4,"4":26,"5":0,"6":0,"7":0,"8":1,"9":0},"b":{"0":[1,1],"1":[4,22],"2":[2,20],"3":[4,16],"4":[4,0],"5":[5,11],"6":[0,0],"7":[0,0],"8":[0,1]},"_coverageSchema":"1a1c01bbd47fc00a2c39e90264f33305004495a9","hash":"b29d7949a80ea3c68dda271970830ea2be39748d"}
,"/home/gabriel/Desktop/Spell Checker/Project-Spell-Checker/sum.js": {"path":"/home/gabriel/Desktop/Spell Checker/Project-Spell-Checker/sum.js","statementMap":{"0":{"start":{"line":2,"column":2},"end":{"line":2,"column":15}},"1":{"start":{"line":5,"column":0},"end":{"line":5,"column":21}}},"fnMap":{"0":{"name":"sum","decl":{"start":{"line":1,"column":9},"end":{"line":1,"column":12}},"loc":{"start":{"line":1,"column":20},"end":{"line":3,"column":1}},"line":1}},"branchMap":{},"s":{"0":1,"1":1},"f":{"0":1},"b":{},"_coverageSchema":"1a1c01bbd47fc00a2c39e90264f33305004495a9","hash":"8e60212d73e92ac646a77a4911dfb9662b065f1e"}
}
