TN:
SF:Project-Spell-Checker/script.js
FN:11,(anonymous_0)
FN:15,(anonymous_1)
FN:18,(anonymous_2)
FN:24,(anonymous_3)
FN:28,(anonymous_4)
FN:31,(anonymous_5)
FN:50,(anonymous_6)
FN:52,(anonymous_7)
FN:72,(anonymous_8)
FN:76,(anonymous_9)
FNF:10
FNH:6
FNDA:11,(anonymous_0)
FNDA:26,(anonymous_1)
FNDA:56,(anonymous_2)
FNDA:4,(anonymous_3)
FNDA:26,(anonymous_4)
FNDA:0,(anonymous_5)
FNDA:0,(anonymous_6)
FNDA:0,(anonymous_7)
FNDA:1,(anonymous_8)
FNDA:0,(anonymous_9)
DA:3,1
DA:4,1
DA:6,1
DA:7,1
DA:8,1
DA:11,1
DA:12,11
DA:13,11
DA:15,11
DA:16,26
DA:18,56
DA:20,22
DA:22,20
DA:23,4
DA:24,4
DA:27,16
DA:28,26
DA:31,1
DA:32,0
DA:34,0
DA:36,0
DA:37,0
DA:38,0
DA:39,0
DA:40,0
DA:41,0
DA:42,0
DA:43,0
DA:44,0
DA:45,0
DA:46,0
DA:47,0
DA:48,0
DA:50,0
DA:52,0
DA:53,0
DA:54,0
DA:56,0
DA:61,0
DA:62,0
DA:63,0
DA:64,0
DA:65,0
DA:67,0
DA:72,1
DA:73,1
DA:75,1
DA:76,0
DA:77,0
DA:83,1
LF:50
LH:22
BRDA:7,0,0,1
BRDA:7,0,1,1
BRDA:16,1,0,4
BRDA:16,1,1,22
BRDA:20,2,0,2
BRDA:20,2,1,20
BRDA:22,3,0,4
BRDA:22,3,1,16
BRDA:24,4,0,4
BRDA:24,4,1,0
BRDA:27,5,0,5
BRDA:27,5,1,11
BRDA:36,6,0,0
BRDA:36,6,1,0
BRDA:41,7,0,0
BRDA:41,7,1,0
BRDA:75,8,0,0
BRDA:75,8,1,1
BRF:18
BRH:12
end_of_record
TN:
SF:Project-Spell-Checker/sum.js
FN:1,sum
FNF:1
FNH:1
FNDA:1,sum
DA:2,1
DA:5,1
LF:2
LH:2
BRF:0
BRH:0
end_of_record
